0 info it worked if it ends with ok
1 verbose cli [ 'C:\\Program Files\\nodejs\\node.exe',
1 verbose cli   'C:\\Users\\nfang\\AppData\\Roaming\\npm\\node_modules\\npm\\bin\\npm-cli.js',
1 verbose cli   'install',
1 verbose cli   'node-dash-button',
1 verbose cli   '--save' ]
2 info using npm@3.10.5
3 info using node@v4.4.7
4 silly loadCurrentTree Starting
5 silly install loadCurrentTree
6 silly install readLocalPackageData
7 silly fetchPackageMetaData node-dash-button
8 silly fetchNamedPackageData node-dash-button
9 silly mapToRegistry name node-dash-button
10 silly mapToRegistry using default registry
11 silly mapToRegistry registry https://registry.npmjs.org/
12 silly mapToRegistry data Result {
12 silly mapToRegistry   raw: 'node-dash-button',
12 silly mapToRegistry   scope: null,
12 silly mapToRegistry   escapedName: 'node-dash-button',
12 silly mapToRegistry   name: 'node-dash-button',
12 silly mapToRegistry   rawSpec: '',
12 silly mapToRegistry   spec: 'latest',
12 silly mapToRegistry   type: 'tag' }
13 silly mapToRegistry uri https://registry.npmjs.org/node-dash-button
14 verbose request uri https://registry.npmjs.org/node-dash-button
15 verbose request no auth needed
16 info attempt registry request try #1 at 1:53:45 PM
17 verbose request id 3db90b0bfe29d54a
18 http request GET https://registry.npmjs.org/node-dash-button
19 http 200 https://registry.npmjs.org/node-dash-button
20 verbose headers { server: 'nginx/1.10.1',
20 verbose headers   'content-type': 'application/json',
20 verbose headers   'last-modified': 'Sat, 24 Dec 2016 06:35:44 GMT',
20 verbose headers   etag: 'W/"585e1740-7ead"',
20 verbose headers   'content-encoding': 'gzip',
20 verbose headers   'cache-control': 'max-age=300',
20 verbose headers   'content-length': '6256',
20 verbose headers   'accept-ranges': 'bytes',
20 verbose headers   date: 'Thu, 13 Apr 2017 18:53:44 GMT',
20 verbose headers   via: '1.1 varnish',
20 verbose headers   age: '0',
20 verbose headers   connection: 'keep-alive',
20 verbose headers   'x-served-by': 'cache-dfw1831-DFW',
20 verbose headers   'x-cache': 'MISS',
20 verbose headers   'x-cache-hits': '0',
20 verbose headers   'x-timer': 'S1492109625.898979,VS0,VE39',
20 verbose headers   vary: 'Accept-Encoding' }
21 silly get cb [ 200,
21 silly get   { server: 'nginx/1.10.1',
21 silly get     'content-type': 'application/json',
21 silly get     'last-modified': 'Sat, 24 Dec 2016 06:35:44 GMT',
21 silly get     etag: 'W/"585e1740-7ead"',
21 silly get     'content-encoding': 'gzip',
21 silly get     'cache-control': 'max-age=300',
21 silly get     'content-length': '6256',
21 silly get     'accept-ranges': 'bytes',
21 silly get     date: 'Thu, 13 Apr 2017 18:53:44 GMT',
21 silly get     via: '1.1 varnish',
21 silly get     age: '0',
21 silly get     connection: 'keep-alive',
21 silly get     'x-served-by': 'cache-dfw1831-DFW',
21 silly get     'x-cache': 'MISS',
21 silly get     'x-cache-hits': '0',
21 silly get     'x-timer': 'S1492109625.898979,VS0,VE39',
21 silly get     vary: 'Accept-Encoding' } ]
22 verbose get saving node-dash-button to C:\Users\nfang\AppData\Roaming\npm-cache\registry.npmjs.org\node-dash-button\.cache.json
23 verbose correctMkdir C:\Users\nfang\AppData\Roaming\npm-cache correctMkdir not in flight; initializing
24 silly install normalizeTree
25 silly loadCurrentTree Finishing
26 silly loadIdealTree Starting
27 silly install loadIdealTree
28 silly cloneCurrentTree Starting
29 silly install cloneCurrentTreeToIdealTree
30 silly cloneCurrentTree Finishing
31 silly loadShrinkwrap Starting
32 silly install loadShrinkwrap
33 silly loadShrinkwrap Finishing
34 silly loadAllDepsIntoIdealTree Starting
35 silly install loadAllDepsIntoIdealTree
36 silly resolveWithNewModule node-dash-button@0.6.1 checking installable status
37 silly cache add args [ 'node-dash-button', null ]
38 verbose cache add spec node-dash-button
39 silly cache add parsed spec Result {
39 silly cache add   raw: 'node-dash-button',
39 silly cache add   scope: null,
39 silly cache add   escapedName: 'node-dash-button',
39 silly cache add   name: 'node-dash-button',
39 silly cache add   rawSpec: '',
39 silly cache add   spec: 'latest',
39 silly cache add   type: 'tag' }
40 silly addNamed node-dash-button@latest
41 verbose addNamed "latest" is being treated as a dist-tag for node-dash-button
42 info addNameTag [ 'node-dash-button', 'latest' ]
43 silly mapToRegistry name node-dash-button
44 silly mapToRegistry using default registry
45 silly mapToRegistry registry https://registry.npmjs.org/
46 silly mapToRegistry data Result {
46 silly mapToRegistry   raw: 'node-dash-button',
46 silly mapToRegistry   scope: null,
46 silly mapToRegistry   escapedName: 'node-dash-button',
46 silly mapToRegistry   name: 'node-dash-button',
46 silly mapToRegistry   rawSpec: '',
46 silly mapToRegistry   spec: 'latest',
46 silly mapToRegistry   type: 'tag' }
47 silly mapToRegistry uri https://registry.npmjs.org/node-dash-button
48 verbose addNameTag registry:https://registry.npmjs.org/node-dash-button not in flight; fetching
49 verbose get https://registry.npmjs.org/node-dash-button not expired, no request
50 silly addNameTag next cb for node-dash-button with tag latest
51 silly addNamed node-dash-button@0.6.1
52 verbose addNamed "0.6.1" is a plain semver version for node-dash-button
53 silly mapToRegistry name node-dash-button
54 silly mapToRegistry using default registry
55 silly mapToRegistry registry https://registry.npmjs.org/
56 silly mapToRegistry data Result {
56 silly mapToRegistry   raw: 'node-dash-button',
56 silly mapToRegistry   scope: null,
56 silly mapToRegistry   escapedName: 'node-dash-button',
56 silly mapToRegistry   name: 'node-dash-button',
56 silly mapToRegistry   rawSpec: '',
56 silly mapToRegistry   spec: 'latest',
56 silly mapToRegistry   type: 'tag' }
57 silly mapToRegistry uri https://registry.npmjs.org/node-dash-button
58 verbose addRemoteTarball https://registry.npmjs.org/node-dash-button/-/node-dash-button-0.6.1.tgz not in flight; adding
59 verbose addRemoteTarball [ 'https://registry.npmjs.org/node-dash-button/-/node-dash-button-0.6.1.tgz',
59 verbose addRemoteTarball   'd3da4100f9f1f36633da7a3cebba2a03c54f7ac6' ]
60 info retry fetch attempt 1 at 1:53:45 PM
61 info attempt registry request try #1 at 1:53:45 PM
62 http fetch GET https://registry.npmjs.org/node-dash-button/-/node-dash-button-0.6.1.tgz
63 http fetch 200 https://registry.npmjs.org/node-dash-button/-/node-dash-button-0.6.1.tgz
64 silly fetchAndShaCheck shasum d3da4100f9f1f36633da7a3cebba2a03c54f7ac6
65 verbose addTmpTarball C:\Users\nfang\AppData\Local\Temp\npm-9588-7e99cdcd\registry.npmjs.org\node-dash-button\-\node-dash-button-0.6.1.tgz not in flight; adding
66 verbose addTmpTarball already have metadata; skipping unpack for node-dash-button@0.6.1
67 verbose correctMkdir C:\Users\nfang\AppData\Roaming\npm-cache correctMkdir not in flight; initializing
68 silly cache afterAdd node-dash-button@0.6.1
69 verbose afterAdd C:\Users\nfang\AppData\Roaming\npm-cache\node-dash-button\0.6.1\package\package.json not in flight; writing
70 verbose correctMkdir C:\Users\nfang\AppData\Roaming\npm-cache correctMkdir not in flight; initializing
71 verbose afterAdd C:\Users\nfang\AppData\Roaming\npm-cache\node-dash-button\0.6.1\package\package.json written
72 silly fetchNamedPackageData underscore
73 silly mapToRegistry name underscore
74 silly mapToRegistry using default registry
75 silly mapToRegistry registry https://registry.npmjs.org/
76 silly mapToRegistry data Result {
76 silly mapToRegistry   raw: 'underscore',
76 silly mapToRegistry   scope: null,
76 silly mapToRegistry   escapedName: 'underscore',
76 silly mapToRegistry   name: 'underscore',
76 silly mapToRegistry   rawSpec: '',
76 silly mapToRegistry   spec: 'latest',
76 silly mapToRegistry   type: 'tag' }
77 silly mapToRegistry uri https://registry.npmjs.org/underscore
78 silly fetchOtherPackageData pcap@git+https://github.com/mranney/node_pcap.git
79 silly cache add args [ 'pcap@git+https://github.com/mranney/node_pcap.git', null ]
80 verbose cache add spec pcap@git+https://github.com/mranney/node_pcap.git
81 silly cache add parsed spec Result {
81 silly cache add   raw: 'pcap@git+https://github.com/mranney/node_pcap.git',
81 silly cache add   scope: null,
81 silly cache add   escapedName: 'pcap',
81 silly cache add   name: 'pcap',
81 silly cache add   rawSpec: 'git+https://github.com/mranney/node_pcap.git',
81 silly cache add   spec: 'git+https://github.com/mranney/node_pcap.git',
81 silly cache add   type: 'hosted',
81 silly cache add   hosted:
81 silly cache add    { type: 'github',
81 silly cache add      ssh: 'git@github.com:mranney/node_pcap.git',
81 silly cache add      sshUrl: 'git+ssh://git@github.com/mranney/node_pcap.git',
81 silly cache add      httpsUrl: 'git+https://github.com/mranney/node_pcap.git',
81 silly cache add      gitUrl: 'git://github.com/mranney/node_pcap.git',
81 silly cache add      shortcut: 'github:mranney/node_pcap',
81 silly cache add      directUrl: 'https://raw.githubusercontent.com/mranney/node_pcap/master/package.json' } }
82 verbose addRemoteGit caching git+https://github.com/mranney/node_pcap.git
83 verbose addRemoteGit git+https://github.com/mranney/node_pcap.git is a repository hosted by github
84 silly tryClone cloning git+https://github.com/mranney/node_pcap.git via git+https://github.com/mranney/node_pcap.git
85 verbose tryClone git-https-github-com-mranney-node-pcap-git-53ba2616 not in flight; caching
86 verbose correctMkdir C:\Users\nfang\AppData\Roaming\npm-cache\_git-remotes correctMkdir not in flight; initializing
87 verbose makeDirectory C:\Users\nfang\AppData\Roaming\npm-cache\_git-remotes creation not in flight; initializing
88 verbose makeCacheDir UID & GID are irrelevant on win32
89 verbose request uri https://registry.npmjs.org/underscore
90 verbose request no auth needed
91 info attempt registry request try #1 at 1:53:46 PM
92 verbose etag W/"58695295-ab80"
93 verbose lastModified Sun, 01 Jan 2017 19:03:49 GMT
94 http request GET https://registry.npmjs.org/underscore
95 info git [ 'clone',
95 info git   '--template=C:\\Users\\nfang\\AppData\\Roaming\\npm-cache\\_git-remotes\\_templates',
95 info git   '--mirror',
95 info git   'https://github.com/mranney/node_pcap.git',
95 info git   'C:\\Users\\nfang\\AppData\\Roaming\\npm-cache\\_git-remotes\\git-https-github-com-mranney-node-pcap-git-53ba2616' ]
96 http 200 https://registry.npmjs.org/underscore
97 verbose headers { server: 'nginx/1.10.1',
97 verbose headers   'content-type': 'application/json',
97 verbose headers   'last-modified': 'Tue, 11 Apr 2017 20:58:25 GMT',
97 verbose headers   etag: 'W/"58ed4371-acdd"',
97 verbose headers   'content-encoding': 'gzip',
97 verbose headers   'cache-control': 'max-age=300',
97 verbose headers   'content-length': '7311',
97 verbose headers   'accept-ranges': 'bytes',
97 verbose headers   date: 'Thu, 13 Apr 2017 18:53:45 GMT',
97 verbose headers   via: '1.1 varnish',
97 verbose headers   age: '188',
97 verbose headers   connection: 'keep-alive',
97 verbose headers   'x-served-by': 'cache-dfw1831-DFW',
97 verbose headers   'x-cache': 'HIT',
97 verbose headers   'x-cache-hits': '4',
97 verbose headers   'x-timer': 'S1492109626.555359,VS0,VE0',
97 verbose headers   vary: 'Accept-Encoding' }
98 silly get cb [ 200,
98 silly get   { server: 'nginx/1.10.1',
98 silly get     'content-type': 'application/json',
98 silly get     'last-modified': 'Tue, 11 Apr 2017 20:58:25 GMT',
98 silly get     etag: 'W/"58ed4371-acdd"',
98 silly get     'content-encoding': 'gzip',
98 silly get     'cache-control': 'max-age=300',
98 silly get     'content-length': '7311',
98 silly get     'accept-ranges': 'bytes',
98 silly get     date: 'Thu, 13 Apr 2017 18:53:45 GMT',
98 silly get     via: '1.1 varnish',
98 silly get     age: '188',
98 silly get     connection: 'keep-alive',
98 silly get     'x-served-by': 'cache-dfw1831-DFW',
98 silly get     'x-cache': 'HIT',
98 silly get     'x-cache-hits': '4',
98 silly get     'x-timer': 'S1492109626.555359,VS0,VE0',
98 silly get     vary: 'Accept-Encoding' } ]
99 verbose get saving underscore to C:\Users\nfang\AppData\Roaming\npm-cache\registry.npmjs.org\underscore\.cache.json
100 verbose correctMkdir C:\Users\nfang\AppData\Roaming\npm-cache correctMkdir not in flight; initializing
101 silly resolveWithNewModule underscore@1.8.3 checking installable status
102 silly cache add args [ 'underscore@^1.8.3', null ]
103 verbose cache add spec underscore@^1.8.3
104 silly cache add parsed spec Result {
104 silly cache add   raw: 'underscore@^1.8.3',
104 silly cache add   scope: null,
104 silly cache add   escapedName: 'underscore',
104 silly cache add   name: 'underscore',
104 silly cache add   rawSpec: '^1.8.3',
104 silly cache add   spec: '>=1.8.3 <2.0.0',
104 silly cache add   type: 'range' }
105 silly addNamed underscore@>=1.8.3 <2.0.0
106 verbose addNamed ">=1.8.3 <2.0.0" is a valid semver range for underscore
107 silly addNameRange { name: 'underscore', range: '>=1.8.3 <2.0.0', hasData: false }
108 silly mapToRegistry name underscore
109 silly mapToRegistry using default registry
110 silly mapToRegistry registry https://registry.npmjs.org/
111 silly mapToRegistry data Result {
111 silly mapToRegistry   raw: 'underscore',
111 silly mapToRegistry   scope: null,
111 silly mapToRegistry   escapedName: 'underscore',
111 silly mapToRegistry   name: 'underscore',
111 silly mapToRegistry   rawSpec: '',
111 silly mapToRegistry   spec: 'latest',
111 silly mapToRegistry   type: 'tag' }
112 silly mapToRegistry uri https://registry.npmjs.org/underscore
113 verbose addNameRange registry:https://registry.npmjs.org/underscore not in flight; fetching
114 verbose get https://registry.npmjs.org/underscore not expired, no request
115 silly addNameRange number 2 { name: 'underscore', range: '>=1.8.3 <2.0.0', hasData: true }
116 silly addNameRange versions [ 'underscore',
116 silly addNameRange   [ '1.0.3',
116 silly addNameRange     '1.0.4',
116 silly addNameRange     '1.1.0',
116 silly addNameRange     '1.1.1',
116 silly addNameRange     '1.1.2',
116 silly addNameRange     '1.1.3',
116 silly addNameRange     '1.1.4',
116 silly addNameRange     '1.1.5',
116 silly addNameRange     '1.1.6',
116 silly addNameRange     '1.1.7',
116 silly addNameRange     '1.2.0',
116 silly addNameRange     '1.2.1',
116 silly addNameRange     '1.2.2',
116 silly addNameRange     '1.2.3',
116 silly addNameRange     '1.2.4',
116 silly addNameRange     '1.3.0',
116 silly addNameRange     '1.3.1',
116 silly addNameRange     '1.3.2',
116 silly addNameRange     '1.3.3',
116 silly addNameRange     '1.4.0',
116 silly addNameRange     '1.4.1',
116 silly addNameRange     '1.4.2',
116 silly addNameRange     '1.4.3',
116 silly addNameRange     '1.4.4',
116 silly addNameRange     '1.5.0',
116 silly addNameRange     '1.5.1',
116 silly addNameRange     '1.5.2',
116 silly addNameRange     '1.6.0',
116 silly addNameRange     '1.7.0',
116 silly addNameRange     '1.8.0',
116 silly addNameRange     '1.8.1',
116 silly addNameRange     '1.8.2',
116 silly addNameRange     '1.8.3' ] ]
117 silly addNamed underscore@1.8.3
118 verbose addNamed "1.8.3" is a plain semver version for underscore
119 silly mapToRegistry name underscore
120 silly mapToRegistry using default registry
121 silly mapToRegistry registry https://registry.npmjs.org/
122 silly mapToRegistry data Result {
122 silly mapToRegistry   raw: 'underscore',
122 silly mapToRegistry   scope: null,
122 silly mapToRegistry   escapedName: 'underscore',
122 silly mapToRegistry   name: 'underscore',
122 silly mapToRegistry   rawSpec: '',
122 silly mapToRegistry   spec: 'latest',
122 silly mapToRegistry   type: 'tag' }
123 silly mapToRegistry uri https://registry.npmjs.org/underscore
124 verbose addRemoteTarball https://registry.npmjs.org/underscore/-/underscore-1.8.3.tgz not in flight; adding
125 verbose addRemoteTarball [ 'https://registry.npmjs.org/underscore/-/underscore-1.8.3.tgz',
125 verbose addRemoteTarball   '4f3fb53b106e6097fcf9cb4109f2a5e9bdfa5022' ]
126 info retry fetch attempt 1 at 1:53:46 PM
127 info attempt registry request try #1 at 1:53:46 PM
128 http fetch GET https://registry.npmjs.org/underscore/-/underscore-1.8.3.tgz
129 http fetch 200 https://registry.npmjs.org/underscore/-/underscore-1.8.3.tgz
130 silly fetchAndShaCheck shasum 4f3fb53b106e6097fcf9cb4109f2a5e9bdfa5022
131 verbose addTmpTarball C:\Users\nfang\AppData\Local\Temp\npm-9588-7e99cdcd\registry.npmjs.org\underscore\-\underscore-1.8.3.tgz not in flight; adding
132 verbose addTmpTarball already have metadata; skipping unpack for underscore@1.8.3
133 verbose correctMkdir C:\Users\nfang\AppData\Roaming\npm-cache correctMkdir not in flight; initializing
134 silly cache afterAdd underscore@1.8.3
135 verbose afterAdd C:\Users\nfang\AppData\Roaming\npm-cache\underscore\1.8.3\package\package.json not in flight; writing
136 verbose correctMkdir C:\Users\nfang\AppData\Roaming\npm-cache correctMkdir not in flight; initializing
137 verbose afterAdd C:\Users\nfang\AppData\Roaming\npm-cache\underscore\1.8.3\package\package.json written
138 verbose mirrorRemote git+https://github.com/mranney/node_pcap.git git clone https://github.com/mranney/node_pcap.git
139 verbose setPermissions git+https://github.com/mranney/node_pcap.git skipping chownr on Windows
140 verbose resolveHead git+https://github.com/mranney/node_pcap.git original treeish: master
141 info git [ 'rev-list', '-n1', 'master' ]
142 silly resolveHead git+https://github.com/mranney/node_pcap.git resolved treeish: d920204745c8b00ef4b7a3fe27d902b263cdb70f
143 verbose resolveHead git+https://github.com/mranney/node_pcap.git resolved Git URL: git+https://github.com/mranney/node_pcap.git#d920204745c8b00ef4b7a3fe27d902b263cdb70f
144 silly resolveHead Git working directory: C:\Users\nfang\AppData\Local\Temp\npm-9588-7e99cdcd\git-cache-0a960e05\d920204745c8b00ef4b7a3fe27d902b263cdb70f
145 info git [ 'clone',
145 info git   'C:\\Users\\nfang\\AppData\\Roaming\\npm-cache\\_git-remotes\\git-https-github-com-mranney-node-pcap-git-53ba2616',
145 info git   'C:\\Users\\nfang\\AppData\\Local\\Temp\\npm-9588-7e99cdcd\\git-cache-0a960e05\\d920204745c8b00ef4b7a3fe27d902b263cdb70f' ]
146 verbose cloneResolved git+https://github.com/mranney/node_pcap.git clone Cloning into 'C:\Users\nfang\AppData\Local\Temp\npm-9588-7e99cdcd\git-cache-0a960e05\d920204745c8b00ef4b7a3fe27d902b263cdb70f'...
146 verbose cloneResolved done.
147 info git [ 'checkout', 'd920204745c8b00ef4b7a3fe27d902b263cdb70f' ]
148 verbose checkoutTreeish git+https://github.com/mranney/node_pcap.git checkout Note: checking out 'd920204745c8b00ef4b7a3fe27d902b263cdb70f'.
148 verbose checkoutTreeish
148 verbose checkoutTreeish You are in 'detached HEAD' state. You can look around, make experimental
148 verbose checkoutTreeish changes and commit them, and you can discard any commits you make in this
148 verbose checkoutTreeish state without impacting any branches by performing another checkout.
148 verbose checkoutTreeish
148 verbose checkoutTreeish If you want to create a new branch to retain commits you create, you may
148 verbose checkoutTreeish do so (now or later) by using -b with the checkout command again. Example:
148 verbose checkoutTreeish
148 verbose checkoutTreeish   git checkout -b <new-branch-name>
148 verbose checkoutTreeish
148 verbose checkoutTreeish HEAD is now at d920204... Merge pull request #204 from audrummer15/master
149 info git [ 'submodule', '-q', 'update', '--init', '--recursive' ]
150 verbose updateSubmodules git+https://github.com/mranney/node_pcap.git submodule update
151 verbose addLocalDirectory C:\Users\nfang\AppData\Roaming\npm-cache\pcap\2.0.0\package.tgz not in flight; packing
152 verbose correctMkdir C:\Users\nfang\AppData\Roaming\npm-cache correctMkdir not in flight; initializing
153 verbose tar pack [ 'C:\\Users\\nfang\\AppData\\Roaming\\npm-cache\\pcap\\2.0.0\\package.tgz',
153 verbose tar pack   'C:\\Users\\nfang\\AppData\\Local\\Temp\\npm-9588-7e99cdcd\\git-cache-0a960e05\\d920204745c8b00ef4b7a3fe27d902b263cdb70f' ]
154 verbose tarball C:\Users\nfang\AppData\Roaming\npm-cache\pcap\2.0.0\package.tgz
155 verbose folder C:\Users\nfang\AppData\Local\Temp\npm-9588-7e99cdcd\git-cache-0a960e05\d920204745c8b00ef4b7a3fe27d902b263cdb70f
156 verbose addLocalTarball adding from inside cache C:\Users\nfang\AppData\Roaming\npm-cache\pcap\2.0.0\package.tgz
157 verbose correctMkdir C:\Users\nfang\AppData\Roaming\npm-cache correctMkdir not in flight; initializing
158 verbose addRemoteGit data._from: git+https://github.com/mranney/node_pcap.git
159 verbose addRemoteGit data._resolved: git+https://github.com/mranney/node_pcap.git#d920204745c8b00ef4b7a3fe27d902b263cdb70f
160 silly cache afterAdd pcap@2.0.0
161 verbose afterAdd C:\Users\nfang\AppData\Roaming\npm-cache\pcap\2.0.0\package\package.json not in flight; writing
162 verbose correctMkdir C:\Users\nfang\AppData\Roaming\npm-cache correctMkdir not in flight; initializing
163 verbose afterAdd C:\Users\nfang\AppData\Roaming\npm-cache\pcap\2.0.0\package\package.json written
164 silly resolveWithNewModule pcap@2.0.0 checking installable status
165 silly fetchNamedPackageData nan
166 silly mapToRegistry name nan
167 silly mapToRegistry using default registry
168 silly mapToRegistry registry https://registry.npmjs.org/
169 silly mapToRegistry data Result {
169 silly mapToRegistry   raw: 'nan',
169 silly mapToRegistry   scope: null,
169 silly mapToRegistry   escapedName: 'nan',
169 silly mapToRegistry   name: 'nan',
169 silly mapToRegistry   rawSpec: '',
169 silly mapToRegistry   spec: 'latest',
169 silly mapToRegistry   type: 'tag' }
170 silly mapToRegistry uri https://registry.npmjs.org/nan
171 silly fetchNamedPackageData socketwatcher
172 silly mapToRegistry name socketwatcher
173 silly mapToRegistry using default registry
174 silly mapToRegistry registry https://registry.npmjs.org/
175 silly mapToRegistry data Result {
175 silly mapToRegistry   raw: 'socketwatcher',
175 silly mapToRegistry   scope: null,
175 silly mapToRegistry   escapedName: 'socketwatcher',
175 silly mapToRegistry   name: 'socketwatcher',
175 silly mapToRegistry   rawSpec: '',
175 silly mapToRegistry   spec: 'latest',
175 silly mapToRegistry   type: 'tag' }
176 silly mapToRegistry uri https://registry.npmjs.org/socketwatcher
177 verbose request uri https://registry.npmjs.org/socketwatcher
178 verbose request no auth needed
179 info attempt registry request try #1 at 1:53:51 PM
180 http request GET https://registry.npmjs.org/socketwatcher
181 verbose request uri https://registry.npmjs.org/nan
182 verbose request no auth needed
183 info attempt registry request try #1 at 1:53:51 PM
184 verbose etag "64LN9YQI6X4XTPFBYZLET8KF2"
185 http request GET https://registry.npmjs.org/nan
186 http 200 https://registry.npmjs.org/socketwatcher
187 verbose headers { server: 'nginx/1.10.1',
187 verbose headers   'content-type': 'application/json',
187 verbose headers   'last-modified': 'Sat, 03 Oct 2015 05:14:20 GMT',
187 verbose headers   etag: 'W/"560f642c-1fd9"',
187 verbose headers   'content-encoding': 'gzip',
187 verbose headers   'cache-control': 'max-age=300',
187 verbose headers   'content-length': '1829',
187 verbose headers   'accept-ranges': 'bytes',
187 verbose headers   date: 'Thu, 13 Apr 2017 18:53:50 GMT',
187 verbose headers   via: '1.1 varnish',
187 verbose headers   age: '0',
187 verbose headers   connection: 'keep-alive',
187 verbose headers   'x-served-by': 'cache-dfw1831-DFW',
187 verbose headers   'x-cache': 'MISS',
187 verbose headers   'x-cache-hits': '0',
187 verbose headers   'x-timer': 'S1492109631.911601,VS0,VE39',
187 verbose headers   vary: 'Accept-Encoding' }
188 silly get cb [ 200,
188 silly get   { server: 'nginx/1.10.1',
188 silly get     'content-type': 'application/json',
188 silly get     'last-modified': 'Sat, 03 Oct 2015 05:14:20 GMT',
188 silly get     etag: 'W/"560f642c-1fd9"',
188 silly get     'content-encoding': 'gzip',
188 silly get     'cache-control': 'max-age=300',
188 silly get     'content-length': '1829',
188 silly get     'accept-ranges': 'bytes',
188 silly get     date: 'Thu, 13 Apr 2017 18:53:50 GMT',
188 silly get     via: '1.1 varnish',
188 silly get     age: '0',
188 silly get     connection: 'keep-alive',
188 silly get     'x-served-by': 'cache-dfw1831-DFW',
188 silly get     'x-cache': 'MISS',
188 silly get     'x-cache-hits': '0',
188 silly get     'x-timer': 'S1492109631.911601,VS0,VE39',
188 silly get     vary: 'Accept-Encoding' } ]
189 verbose get saving socketwatcher to C:\Users\nfang\AppData\Roaming\npm-cache\registry.npmjs.org\socketwatcher\.cache.json
190 verbose correctMkdir C:\Users\nfang\AppData\Roaming\npm-cache correctMkdir not in flight; initializing
191 silly resolveWithNewModule socketwatcher@0.3.0 checking installable status
192 silly cache add args [ 'socketwatcher@^0.3.0', null ]
193 verbose cache add spec socketwatcher@^0.3.0
194 silly cache add parsed spec Result {
194 silly cache add   raw: 'socketwatcher@^0.3.0',
194 silly cache add   scope: null,
194 silly cache add   escapedName: 'socketwatcher',
194 silly cache add   name: 'socketwatcher',
194 silly cache add   rawSpec: '^0.3.0',
194 silly cache add   spec: '>=0.3.0 <0.4.0',
194 silly cache add   type: 'range' }
195 silly addNamed socketwatcher@>=0.3.0 <0.4.0
196 verbose addNamed ">=0.3.0 <0.4.0" is a valid semver range for socketwatcher
197 silly addNameRange { name: 'socketwatcher',
197 silly addNameRange   range: '>=0.3.0 <0.4.0',
197 silly addNameRange   hasData: false }
198 silly mapToRegistry name socketwatcher
199 silly mapToRegistry using default registry
200 silly mapToRegistry registry https://registry.npmjs.org/
201 silly mapToRegistry data Result {
201 silly mapToRegistry   raw: 'socketwatcher',
201 silly mapToRegistry   scope: null,
201 silly mapToRegistry   escapedName: 'socketwatcher',
201 silly mapToRegistry   name: 'socketwatcher',
201 silly mapToRegistry   rawSpec: '',
201 silly mapToRegistry   spec: 'latest',
201 silly mapToRegistry   type: 'tag' }
202 silly mapToRegistry uri https://registry.npmjs.org/socketwatcher
203 verbose addNameRange registry:https://registry.npmjs.org/socketwatcher not in flight; fetching
204 verbose get https://registry.npmjs.org/socketwatcher not expired, no request
205 silly addNameRange number 2 { name: 'socketwatcher', range: '>=0.3.0 <0.4.0', hasData: true }
206 silly addNameRange versions [ 'socketwatcher',
206 silly addNameRange   [ '0.1.0', '0.1.1', '0.1.2', '0.2.0', '0.3.0' ] ]
207 silly addNamed socketwatcher@0.3.0
208 verbose addNamed "0.3.0" is a plain semver version for socketwatcher
209 silly mapToRegistry name socketwatcher
210 silly mapToRegistry using default registry
211 silly mapToRegistry registry https://registry.npmjs.org/
212 silly mapToRegistry data Result {
212 silly mapToRegistry   raw: 'socketwatcher',
212 silly mapToRegistry   scope: null,
212 silly mapToRegistry   escapedName: 'socketwatcher',
212 silly mapToRegistry   name: 'socketwatcher',
212 silly mapToRegistry   rawSpec: '',
212 silly mapToRegistry   spec: 'latest',
212 silly mapToRegistry   type: 'tag' }
213 silly mapToRegistry uri https://registry.npmjs.org/socketwatcher
214 verbose addRemoteTarball https://registry.npmjs.org/socketwatcher/-/socketwatcher-0.3.0.tgz not in flight; adding
215 verbose addRemoteTarball [ 'https://registry.npmjs.org/socketwatcher/-/socketwatcher-0.3.0.tgz',
215 verbose addRemoteTarball   '49e5614058fcaab19d640b374225a4eea4b4b78a' ]
216 info retry fetch attempt 1 at 1:53:51 PM
217 info attempt registry request try #1 at 1:53:51 PM
218 http fetch GET https://registry.npmjs.org/socketwatcher/-/socketwatcher-0.3.0.tgz
219 http 200 https://registry.npmjs.org/nan
220 verbose headers { server: 'nginx/1.10.1',
220 verbose headers   'content-type': 'application/json',
220 verbose headers   'last-modified': 'Wed, 12 Apr 2017 20:38:38 GMT',
220 verbose headers   etag: 'W/"58ee904e-1f9bf"',
220 verbose headers   'content-encoding': 'gzip',
220 verbose headers   'cache-control': 'max-age=300',
220 verbose headers   'content-length': '15200',
220 verbose headers   'accept-ranges': 'bytes',
220 verbose headers   date: 'Thu, 13 Apr 2017 18:53:50 GMT',
220 verbose headers   via: '1.1 varnish',
220 verbose headers   age: '144',
220 verbose headers   connection: 'keep-alive',
220 verbose headers   'x-served-by': 'cache-dfw1842-DFW',
220 verbose headers   'x-cache': 'HIT',
220 verbose headers   'x-cache-hits': '3',
220 verbose headers   'x-timer': 'S1492109631.970947,VS0,VE0',
220 verbose headers   vary: 'Accept-Encoding' }
221 silly get cb [ 200,
221 silly get   { server: 'nginx/1.10.1',
221 silly get     'content-type': 'application/json',
221 silly get     'last-modified': 'Wed, 12 Apr 2017 20:38:38 GMT',
221 silly get     etag: 'W/"58ee904e-1f9bf"',
221 silly get     'content-encoding': 'gzip',
221 silly get     'cache-control': 'max-age=300',
221 silly get     'content-length': '15200',
221 silly get     'accept-ranges': 'bytes',
221 silly get     date: 'Thu, 13 Apr 2017 18:53:50 GMT',
221 silly get     via: '1.1 varnish',
221 silly get     age: '144',
221 silly get     connection: 'keep-alive',
221 silly get     'x-served-by': 'cache-dfw1842-DFW',
221 silly get     'x-cache': 'HIT',
221 silly get     'x-cache-hits': '3',
221 silly get     'x-timer': 'S1492109631.970947,VS0,VE0',
221 silly get     vary: 'Accept-Encoding' } ]
222 verbose get saving nan to C:\Users\nfang\AppData\Roaming\npm-cache\registry.npmjs.org\nan\.cache.json
223 verbose correctMkdir C:\Users\nfang\AppData\Roaming\npm-cache correctMkdir not in flight; initializing
224 silly resolveWithNewModule nan@2.6.2 checking installable status
225 silly cache add args [ 'nan@^2.0.9', null ]
226 verbose cache add spec nan@^2.0.9
227 silly cache add parsed spec Result {
227 silly cache add   raw: 'nan@^2.0.9',
227 silly cache add   scope: null,
227 silly cache add   escapedName: 'nan',
227 silly cache add   name: 'nan',
227 silly cache add   rawSpec: '^2.0.9',
227 silly cache add   spec: '>=2.0.9 <3.0.0',
227 silly cache add   type: 'range' }
228 silly addNamed nan@>=2.0.9 <3.0.0
229 verbose addNamed ">=2.0.9 <3.0.0" is a valid semver range for nan
230 silly addNameRange { name: 'nan', range: '>=2.0.9 <3.0.0', hasData: false }
231 silly mapToRegistry name nan
232 silly mapToRegistry using default registry
233 silly mapToRegistry registry https://registry.npmjs.org/
234 silly mapToRegistry data Result {
234 silly mapToRegistry   raw: 'nan',
234 silly mapToRegistry   scope: null,
234 silly mapToRegistry   escapedName: 'nan',
234 silly mapToRegistry   name: 'nan',
234 silly mapToRegistry   rawSpec: '',
234 silly mapToRegistry   spec: 'latest',
234 silly mapToRegistry   type: 'tag' }
235 silly mapToRegistry uri https://registry.npmjs.org/nan
236 verbose addNameRange registry:https://registry.npmjs.org/nan not in flight; fetching
237 http fetch 200 https://registry.npmjs.org/socketwatcher/-/socketwatcher-0.3.0.tgz
238 verbose get https://registry.npmjs.org/nan not expired, no request
239 silly addNameRange number 2 { name: 'nan', range: '>=2.0.9 <3.0.0', hasData: true }
240 silly addNameRange versions [ 'nan',
240 silly addNameRange   [ '0.3.0-wip',
240 silly addNameRange     '0.3.0-wip2',
240 silly addNameRange     '0.3.0',
240 silly addNameRange     '0.3.1',
240 silly addNameRange     '0.3.2',
240 silly addNameRange     '0.4.0',
240 silly addNameRange     '0.4.1',
240 silly addNameRange     '0.4.2',
240 silly addNameRange     '0.4.3',
240 silly addNameRange     '0.4.4',
240 silly addNameRange     '0.5.0',
240 silly addNameRange     '0.5.1',
240 silly addNameRange     '0.5.2',
240 silly addNameRange     '0.6.0',
240 silly addNameRange     '0.7.0',
240 silly addNameRange     '0.7.1',
240 silly addNameRange     '0.8.0',
240 silly addNameRange     '1.0.0',
240 silly addNameRange     '1.1.0',
240 silly addNameRange     '1.1.1',
240 silly addNameRange     '1.1.2',
240 silly addNameRange     '1.2.0',
240 silly addNameRange     '1.3.0',
240 silly addNameRange     '1.4.0',
240 silly addNameRange     '1.4.1',
240 silly addNameRange     '1.5.0',
240 silly addNameRange     '1.4.2',
240 silly addNameRange     '1.4.3',
240 silly addNameRange     '1.5.1',
240 silly addNameRange     '1.5.2',
240 silly addNameRange     '1.6.0',
240 silly addNameRange     '1.5.3',
240 silly addNameRange     '1.6.1',
240 silly addNameRange     '1.6.2',
240 silly addNameRange     '1.7.0',
240 silly addNameRange     '1.8.0',
240 silly addNameRange     '1.8.1',
240 silly addNameRange     '1.8.2',
240 silly addNameRange     '1.8.3',
240 silly addNameRange     '1.8.4',
240 silly addNameRange     '1.9.0',
240 silly addNameRange     '2.0.0',
240 silly addNameRange     '2.0.1',
240 silly addNameRange     '2.0.2',
240 silly addNameRange     '2.0.3',
240 silly addNameRange     '2.0.4',
240 silly addNameRange     '2.0.5',
240 silly addNameRange     '2.0.6',
240 silly addNameRange     '2.0.7',
240 silly addNameRange     '2.0.8',
240 silly addNameRange     '2.0.9',
240 silly addNameRange     '2.1.0',
240 silly addNameRange     '2.2.0',
240 silly addNameRange     '2.2.1',
240 silly addNameRange     '2.3.0',
240 silly addNameRange     '2.3.1',
240 silly addNameRange     '2.3.2',
240 silly addNameRange     '2.3.3',
240 silly addNameRange     '2.3.4',
240 silly addNameRange     '2.3.5',
240 silly addNameRange     '2.4.0',
240 silly addNameRange     '2.5.0',
240 silly addNameRange     '2.5.1',
240 silly addNameRange     '2.6.0',
240 silly addNameRange     '2.6.1',
240 silly addNameRange     '2.6.2' ] ]
241 silly addNamed nan@2.6.2
242 verbose addNamed "2.6.2" is a plain semver version for nan
243 silly fetchAndShaCheck shasum 49e5614058fcaab19d640b374225a4eea4b4b78a
244 silly mapToRegistry name nan
245 silly mapToRegistry using default registry
246 silly mapToRegistry registry https://registry.npmjs.org/
247 silly mapToRegistry data Result {
247 silly mapToRegistry   raw: 'nan',
247 silly mapToRegistry   scope: null,
247 silly mapToRegistry   escapedName: 'nan',
247 silly mapToRegistry   name: 'nan',
247 silly mapToRegistry   rawSpec: '',
247 silly mapToRegistry   spec: 'latest',
247 silly mapToRegistry   type: 'tag' }
248 silly mapToRegistry uri https://registry.npmjs.org/nan
249 verbose addRemoteTarball https://registry.npmjs.org/nan/-/nan-2.6.2.tgz not in flight; adding
250 verbose addRemoteTarball [ 'https://registry.npmjs.org/nan/-/nan-2.6.2.tgz',
250 verbose addRemoteTarball   'e4ff34e6c95fdfb5aecc08de6596f43605a7db45' ]
251 verbose addTmpTarball C:\Users\nfang\AppData\Local\Temp\npm-9588-7e99cdcd\registry.npmjs.org\socketwatcher\-\socketwatcher-0.3.0.tgz not in flight; adding
252 verbose addTmpTarball already have metadata; skipping unpack for socketwatcher@0.3.0
253 verbose correctMkdir C:\Users\nfang\AppData\Roaming\npm-cache correctMkdir not in flight; initializing
254 info retry fetch attempt 1 at 1:53:51 PM
255 info attempt registry request try #1 at 1:53:51 PM
256 http fetch GET https://registry.npmjs.org/nan/-/nan-2.6.2.tgz
257 silly cache afterAdd socketwatcher@0.3.0
258 verbose afterAdd C:\Users\nfang\AppData\Roaming\npm-cache\socketwatcher\0.3.0\package\package.json not in flight; writing
259 verbose correctMkdir C:\Users\nfang\AppData\Roaming\npm-cache correctMkdir not in flight; initializing
260 verbose afterAdd C:\Users\nfang\AppData\Roaming\npm-cache\socketwatcher\0.3.0\package\package.json written
261 http fetch 200 https://registry.npmjs.org/nan/-/nan-2.6.2.tgz
262 silly fetchAndShaCheck shasum e4ff34e6c95fdfb5aecc08de6596f43605a7db45
263 verbose addTmpTarball C:\Users\nfang\AppData\Local\Temp\npm-9588-7e99cdcd\registry.npmjs.org\nan\-\nan-2.6.2.tgz not in flight; adding
264 verbose addTmpTarball already have metadata; skipping unpack for nan@2.6.2
265 verbose correctMkdir C:\Users\nfang\AppData\Roaming\npm-cache correctMkdir not in flight; initializing
266 silly cache afterAdd nan@2.6.2
267 verbose afterAdd C:\Users\nfang\AppData\Roaming\npm-cache\nan\2.6.2\package\package.json not in flight; writing
268 verbose correctMkdir C:\Users\nfang\AppData\Roaming\npm-cache correctMkdir not in flight; initializing
269 verbose afterAdd C:\Users\nfang\AppData\Roaming\npm-cache\nan\2.6.2\package\package.json written
270 silly loadAllDepsIntoIdealTree Finishing
271 silly loadIdealTree Finishing
272 silly currentTree dashserver@1.0.0
272 silly currentTree +-- accepts@1.3.3
272 silly currentTree +-- array-flatten@1.1.1
272 silly currentTree +-- content-disposition@0.5.2
272 silly currentTree +-- content-type@1.0.2
272 silly currentTree +-- cookie-signature@1.0.6
272 silly currentTree +-- cookie@0.3.1
272 silly currentTree +-- debug@2.6.1
272 silly currentTree +-- depd@1.1.0
272 silly currentTree +-- destroy@1.0.4
272 silly currentTree +-- ee-first@1.1.1
272 silly currentTree +-- encodeurl@1.0.1
272 silly currentTree +-- escape-html@1.0.3
272 silly currentTree +-- etag@1.8.0
272 silly currentTree +-- express@4.15.2
272 silly currentTree +-- finalhandler@1.0.1
272 silly currentTree | `-- debug@2.6.3
272 silly currentTree +-- forwarded@0.1.0
272 silly currentTree +-- fresh@0.5.0
272 silly currentTree +-- http-errors@1.6.1
272 silly currentTree +-- inherits@2.0.3
272 silly currentTree +-- ipaddr.js@1.3.0
272 silly currentTree +-- media-typer@0.3.0
272 silly currentTree +-- merge-descriptors@1.0.1
272 silly currentTree +-- methods@1.1.2
272 silly currentTree +-- mime-db@1.27.0
272 silly currentTree +-- mime-types@2.1.15
272 silly currentTree +-- mime@1.3.4
272 silly currentTree +-- ms@0.7.2
272 silly currentTree +-- negotiator@0.6.1
272 silly currentTree +-- on-finished@2.3.0
272 silly currentTree +-- parseurl@1.3.1
272 silly currentTree +-- path-to-regexp@0.1.7
272 silly currentTree +-- proxy-addr@1.1.4
272 silly currentTree +-- qs@6.4.0
272 silly currentTree +-- range-parser@1.2.0
272 silly currentTree +-- send@0.15.1
272 silly currentTree +-- serve-static@1.12.1
272 silly currentTree +-- server-event@1.0.1
272 silly currentTree +-- setprototypeof@1.0.3
272 silly currentTree +-- statuses@1.3.1
272 silly currentTree +-- type-is@1.6.15
272 silly currentTree +-- unpipe@1.0.0
272 silly currentTree +-- utils-merge@1.0.0
272 silly currentTree `-- vary@1.1.1
273 silly idealTree dashserver@1.0.0
273 silly idealTree +-- accepts@1.3.3
273 silly idealTree +-- array-flatten@1.1.1
273 silly idealTree +-- content-disposition@0.5.2
273 silly idealTree +-- content-type@1.0.2
273 silly idealTree +-- cookie-signature@1.0.6
273 silly idealTree +-- cookie@0.3.1
273 silly idealTree +-- debug@2.6.1
273 silly idealTree +-- depd@1.1.0
273 silly idealTree +-- destroy@1.0.4
273 silly idealTree +-- ee-first@1.1.1
273 silly idealTree +-- encodeurl@1.0.1
273 silly idealTree +-- escape-html@1.0.3
273 silly idealTree +-- etag@1.8.0
273 silly idealTree +-- express@4.15.2
273 silly idealTree +-- finalhandler@1.0.1
273 silly idealTree | `-- debug@2.6.3
273 silly idealTree +-- forwarded@0.1.0
273 silly idealTree +-- fresh@0.5.0
273 silly idealTree +-- http-errors@1.6.1
273 silly idealTree +-- inherits@2.0.3
273 silly idealTree +-- ipaddr.js@1.3.0
273 silly idealTree +-- media-typer@0.3.0
273 silly idealTree +-- merge-descriptors@1.0.1
273 silly idealTree +-- methods@1.1.2
273 silly idealTree +-- mime-db@1.27.0
273 silly idealTree +-- mime-types@2.1.15
273 silly idealTree +-- mime@1.3.4
273 silly idealTree +-- ms@0.7.2
273 silly idealTree +-- nan@2.6.2
273 silly idealTree +-- negotiator@0.6.1
273 silly idealTree +-- node-dash-button@0.6.1
273 silly idealTree +-- on-finished@2.3.0
273 silly idealTree +-- parseurl@1.3.1
273 silly idealTree +-- path-to-regexp@0.1.7
273 silly idealTree +-- pcap@2.0.0
273 silly idealTree +-- proxy-addr@1.1.4
273 silly idealTree +-- qs@6.4.0
273 silly idealTree +-- range-parser@1.2.0
273 silly idealTree +-- send@0.15.1
273 silly idealTree +-- serve-static@1.12.1
273 silly idealTree +-- server-event@1.0.1
273 silly idealTree +-- setprototypeof@1.0.3
273 silly idealTree +-- socketwatcher@0.3.0
273 silly idealTree +-- statuses@1.3.1
273 silly idealTree +-- type-is@1.6.15
273 silly idealTree +-- underscore@1.8.3
273 silly idealTree +-- unpipe@1.0.0
273 silly idealTree +-- utils-merge@1.0.0
273 silly idealTree `-- vary@1.1.1
274 silly generateActionsToTake Starting
275 silly install generateActionsToTake
276 silly generateActionsToTake Finishing
277 silly diffTrees action count 5
278 silly diffTrees add nan@2.6.2
279 silly diffTrees add socketwatcher@0.3.0
280 silly diffTrees add pcap@2.0.0
281 silly diffTrees add underscore@1.8.3
282 silly diffTrees add node-dash-button@0.6.1
283 silly decomposeActions action count 40
284 silly decomposeActions fetch nan@2.6.2
285 silly decomposeActions extract nan@2.6.2
286 silly decomposeActions test nan@2.6.2
287 silly decomposeActions preinstall nan@2.6.2
288 silly decomposeActions build nan@2.6.2
289 silly decomposeActions install nan@2.6.2
290 silly decomposeActions postinstall nan@2.6.2
291 silly decomposeActions finalize nan@2.6.2
292 silly decomposeActions fetch socketwatcher@0.3.0
293 silly decomposeActions extract socketwatcher@0.3.0
294 silly decomposeActions test socketwatcher@0.3.0
295 silly decomposeActions preinstall socketwatcher@0.3.0
296 silly decomposeActions build socketwatcher@0.3.0
297 silly decomposeActions install socketwatcher@0.3.0
298 silly decomposeActions postinstall socketwatcher@0.3.0
299 silly decomposeActions finalize socketwatcher@0.3.0
300 silly decomposeActions fetch pcap@2.0.0
301 silly decomposeActions extract pcap@2.0.0
302 silly decomposeActions test pcap@2.0.0
303 silly decomposeActions preinstall pcap@2.0.0
304 silly decomposeActions build pcap@2.0.0
305 silly decomposeActions install pcap@2.0.0
306 silly decomposeActions postinstall pcap@2.0.0
307 silly decomposeActions finalize pcap@2.0.0
308 silly decomposeActions fetch underscore@1.8.3
309 silly decomposeActions extract underscore@1.8.3
310 silly decomposeActions test underscore@1.8.3
311 silly decomposeActions preinstall underscore@1.8.3
312 silly decomposeActions build underscore@1.8.3
313 silly decomposeActions install underscore@1.8.3
314 silly decomposeActions postinstall underscore@1.8.3
315 silly decomposeActions finalize underscore@1.8.3
316 silly decomposeActions fetch node-dash-button@0.6.1
317 silly decomposeActions extract node-dash-button@0.6.1
318 silly decomposeActions test node-dash-button@0.6.1
319 silly decomposeActions preinstall node-dash-button@0.6.1
320 silly decomposeActions build node-dash-button@0.6.1
321 silly decomposeActions install node-dash-button@0.6.1
322 silly decomposeActions postinstall node-dash-button@0.6.1
323 silly decomposeActions finalize node-dash-button@0.6.1
324 silly executeActions Starting
325 silly install executeActions
326 silly doSerial global-install 0
327 silly doParallel fetch 5
328 verbose correctMkdir C:\Users\nfang\AppData\Roaming\npm-cache\_locks correctMkdir not in flight; initializing
329 verbose lock using C:\Users\nfang\AppData\Roaming\npm-cache\_locks\staging-a9e3415d4e472eb8.lock for C:\Users\nfang\repos\iot\dashbutton\server\node_modules\.staging
330 silly doParallel extract 5
331 silly extract nan@2.6.2
332 silly extract socketwatcher@0.3.0
333 silly extract pcap@2.0.0
334 silly extract underscore@1.8.3
335 silly extract node-dash-button@0.6.1
336 verbose unbuild node_modules\.staging\nan-5d336779
337 verbose unbuild node_modules\.staging\socketwatcher-05fb3d76
338 verbose unbuild node_modules\.staging\pcap-59e749ce
339 verbose unbuild node_modules\.staging\underscore-e615d260
340 verbose unbuild node_modules\.staging\node-dash-button-ef048de1
341 silly gentlyRm C:\Users\nfang\repos\iot\dashbutton\server\node_modules\.staging\nan-5d336779 is being purged from base C:\Users\nfang\repos\iot\dashbutton\server
342 verbose gentlyRm don't care about contents; nuking C:\Users\nfang\repos\iot\dashbutton\server\node_modules\.staging\nan-5d336779
343 silly gentlyRm C:\Users\nfang\repos\iot\dashbutton\server\node_modules\.staging\socketwatcher-05fb3d76 is being purged from base C:\Users\nfang\repos\iot\dashbutton\server
344 verbose gentlyRm don't care about contents; nuking C:\Users\nfang\repos\iot\dashbutton\server\node_modules\.staging\socketwatcher-05fb3d76
345 silly gentlyRm C:\Users\nfang\repos\iot\dashbutton\server\node_modules\.staging\pcap-59e749ce is being purged from base C:\Users\nfang\repos\iot\dashbutton\server
346 verbose gentlyRm don't care about contents; nuking C:\Users\nfang\repos\iot\dashbutton\server\node_modules\.staging\pcap-59e749ce
347 silly gentlyRm C:\Users\nfang\repos\iot\dashbutton\server\node_modules\.staging\underscore-e615d260 is being purged from base C:\Users\nfang\repos\iot\dashbutton\server
348 verbose gentlyRm don't care about contents; nuking C:\Users\nfang\repos\iot\dashbutton\server\node_modules\.staging\underscore-e615d260
349 verbose tar unpack C:\Users\nfang\AppData\Roaming\npm-cache\nan\2.6.2\package.tgz
350 verbose tar unpacking to C:\Users\nfang\repos\iot\dashbutton\server\node_modules\.staging\nan-5d336779
351 silly gentlyRm C:\Users\nfang\repos\iot\dashbutton\server\node_modules\.staging\nan-5d336779 is being purged
352 verbose gentlyRm don't care about contents; nuking C:\Users\nfang\repos\iot\dashbutton\server\node_modules\.staging\nan-5d336779
353 verbose tar unpack C:\Users\nfang\AppData\Roaming\npm-cache\socketwatcher\0.3.0\package.tgz
354 verbose tar unpacking to C:\Users\nfang\repos\iot\dashbutton\server\node_modules\.staging\socketwatcher-05fb3d76
355 silly gentlyRm C:\Users\nfang\repos\iot\dashbutton\server\node_modules\.staging\socketwatcher-05fb3d76 is being purged
356 verbose gentlyRm don't care about contents; nuking C:\Users\nfang\repos\iot\dashbutton\server\node_modules\.staging\socketwatcher-05fb3d76
357 verbose tar unpack C:\Users\nfang\AppData\Roaming\npm-cache\pcap\2.0.0\package.tgz
358 verbose tar unpacking to C:\Users\nfang\repos\iot\dashbutton\server\node_modules\.staging\pcap-59e749ce
359 silly gentlyRm C:\Users\nfang\repos\iot\dashbutton\server\node_modules\.staging\pcap-59e749ce is being purged
360 verbose gentlyRm don't care about contents; nuking C:\Users\nfang\repos\iot\dashbutton\server\node_modules\.staging\pcap-59e749ce
361 verbose tar unpack C:\Users\nfang\AppData\Roaming\npm-cache\underscore\1.8.3\package.tgz
362 verbose tar unpacking to C:\Users\nfang\repos\iot\dashbutton\server\node_modules\.staging\underscore-e615d260
363 silly gentlyRm C:\Users\nfang\repos\iot\dashbutton\server\node_modules\.staging\underscore-e615d260 is being purged
364 verbose gentlyRm don't care about contents; nuking C:\Users\nfang\repos\iot\dashbutton\server\node_modules\.staging\underscore-e615d260
365 silly gunzTarPerm modes [ '777', '666' ]
366 silly gunzTarPerm modes [ '777', '666' ]
367 silly gentlyRm C:\Users\nfang\repos\iot\dashbutton\server\node_modules\.staging\node-dash-button-ef048de1 is being purged from base C:\Users\nfang\repos\iot\dashbutton\server
368 verbose gentlyRm don't care about contents; nuking C:\Users\nfang\repos\iot\dashbutton\server\node_modules\.staging\node-dash-button-ef048de1
369 silly gunzTarPerm modes [ '777', '666' ]
370 silly gunzTarPerm modes [ '777', '666' ]
371 verbose tar unpack C:\Users\nfang\AppData\Roaming\npm-cache\node-dash-button\0.6.1\package.tgz
372 verbose tar unpacking to C:\Users\nfang\repos\iot\dashbutton\server\node_modules\.staging\node-dash-button-ef048de1
373 silly gentlyRm C:\Users\nfang\repos\iot\dashbutton\server\node_modules\.staging\node-dash-button-ef048de1 is being purged
374 verbose gentlyRm don't care about contents; nuking C:\Users\nfang\repos\iot\dashbutton\server\node_modules\.staging\node-dash-button-ef048de1
375 silly gunzTarPerm modes [ '777', '666' ]
376 silly gunzTarPerm extractEntry package.json
377 silly gunzTarPerm modified mode [ 'package.json', 436, 438 ]
378 silly gunzTarPerm extractEntry package.json
379 silly gunzTarPerm modified mode [ 'package.json', 420, 438 ]
380 silly gunzTarPerm extractEntry package.json
381 silly gunzTarPerm extractEntry package.json
382 silly gunzTarPerm modified mode [ 'package.json', 420, 438 ]
383 silly gunzTarPerm extractEntry package.json
384 silly gunzTarPerm modified mode [ 'package.json', 436, 438 ]
385 silly gunzTarPerm extractEntry README.md
386 silly gunzTarPerm modified mode [ 'README.md', 436, 438 ]
387 silly gunzTarPerm extractEntry .npmignore
388 silly gunzTarPerm modified mode [ '.npmignore', 420, 438 ]
389 silly gunzTarPerm extractEntry README.md
390 silly gunzTarPerm modified mode [ 'README.md', 420, 438 ]
391 silly gunzTarPerm extractEntry include_dirs.js
392 silly gunzTarPerm modified mode [ 'include_dirs.js', 436, 438 ]
393 silly gunzTarPerm extractEntry .npmignore
394 silly gunzTarPerm extractEntry README.md
395 silly gunzTarPerm extractEntry README.md
396 silly gunzTarPerm modified mode [ 'README.md', 420, 438 ]
397 silly gunzTarPerm extractEntry LICENSE
398 silly gunzTarPerm modified mode [ 'LICENSE', 420, 438 ]
399 silly gunzTarPerm extractEntry .npmignore
400 silly gunzTarPerm modified mode [ '.npmignore', 420, 438 ]
401 silly gunzTarPerm extractEntry README.md
402 silly gunzTarPerm modified mode [ 'README.md', 436, 438 ]
403 silly gunzTarPerm extractEntry nan_converters_43_inl.h
404 silly gunzTarPerm modified mode [ 'nan_converters_43_inl.h', 436, 438 ]
405 silly gunzTarPerm extractEntry LICENSE.md
406 silly gunzTarPerm modified mode [ 'LICENSE.md', 436, 438 ]
407 silly gunzTarPerm extractEntry doc/new.md
408 silly gunzTarPerm modified mode [ 'doc/new.md', 436, 438 ]
409 silly gunzTarPerm extractEntry LICENSE
410 silly gunzTarPerm modified mode [ 'LICENSE', 420, 438 ]
411 silly gunzTarPerm extractEntry binding.gyp
412 silly gunzTarPerm modified mode [ 'binding.gyp', 420, 438 ]
413 silly gunzTarPerm extractEntry tcp_tracker.js
414 silly gunzTarPerm extractEntry Gruntfile.js
415 silly gunzTarPerm extractEntry pcap.js
416 silly gunzTarPerm extractEntry dns_cache.js
417 silly gunzTarPerm extractEntry util.js
418 silly gunzTarPerm extractEntry pcap_binding.cc
419 silly gunzTarPerm extractEntry decode/arp.js
420 silly gunzTarPerm extractEntry decode/index.js
421 silly gunzTarPerm extractEntry decode/ip_protocols.js
422 silly gunzTarPerm extractEntry decode/ipv4.js
423 silly gunzTarPerm extractEntry decode/igmp.js
424 silly gunzTarPerm extractEntry decode/dns.js
425 silly gunzTarPerm extractEntry decode/ipv6_addr.js
426 silly gunzTarPerm extractEntry decode/udp.js
427 silly gunzTarPerm extractEntry decode/llc_packet.js
428 silly gunzTarPerm extractEntry decode/null_packet.js
429 silly gunzTarPerm extractEntry decode/vlan.js
430 silly gunzTarPerm extractEntry decode/pcap_packet.js
431 silly gunzTarPerm extractEntry decode/icmp.js
432 silly gunzTarPerm extractEntry decode/sll_addr.js
433 silly gunzTarPerm extractEntry decode/ethernet_packet.js
434 silly gunzTarPerm extractEntry decode/sll_packet.js
435 silly gunzTarPerm extractEntry decode/ethernet_addr.js
436 silly gunzTarPerm extractEntry decode/tcp.js
437 silly gunzTarPerm extractEntry decode/ipv4_addr.js
438 silly gunzTarPerm extractEntry decode/websocket.js
439 silly gunzTarPerm extractEntry decode/ipv6.js
440 silly gunzTarPerm extractEntry decode/ipv6headers/header_extension.js
441 silly gunzTarPerm extractEntry decode/ipv6headers/no_next.js
442 silly gunzTarPerm extractEntry decode/ieee802.11/radio_beacon_frame.js
443 silly gunzTarPerm extractEntry decode/ieee802.11/radio_frame.js
444 silly gunzTarPerm extractEntry decode/ieee802.11/radio_management_frame_tag.js
445 silly gunzTarPerm extractEntry decode/ieee802.11/radio_packet.js
446 silly gunzTarPerm extractEntry decode/ieee802.11/radio_probe_frame.js
447 silly gunzTarPerm extractEntry decode/ieee802.11/radio_utils.js
448 silly gunzTarPerm extractEntry node_ko_article.md
449 silly gunzTarPerm extractEntry changelog.md
450 silly gunzTarPerm extractEntry binding.gyp
451 silly gunzTarPerm extractEntry .jshintrc
452 silly gunzTarPerm extractEntry pcap_session.cc
453 silly gunzTarPerm extractEntry pcap_session.h
454 silly gunzTarPerm extractEntry spec/spec_helper.js
455 silly gunzTarPerm extractEntry spec/util.spec.js
456 silly gunzTarPerm extractEntry spec/decode/arp.spec.js
457 silly gunzTarPerm extractEntry spec/decode/ethernet_addr.spec.js
458 silly gunzTarPerm extractEntry spec/decode/icmp.spec.js
459 silly gunzTarPerm extractEntry spec/decode/tcp.spec.js
460 silly gunzTarPerm extractEntry spec/decode/igmp.spec.js
461 silly gunzTarPerm extractEntry spec/decode/dns.spec.js
462 silly gunzTarPerm extractEntry spec/decode/decode.js
463 silly gunzTarPerm extractEntry spec/decode/ipv6.spec.js
464 silly gunzTarPerm extractEntry spec/decode/ipv6_addr.spec.js
465 silly gunzTarPerm extractEntry spec/decode/null_packet.spec.js
466 silly gunzTarPerm extractEntry spec/decode/llc_packet.spec.js
467 silly gunzTarPerm extractEntry spec/decode/ipv4.spec.js
468 silly gunzTarPerm extractEntry spec/decode/udp.spec.js
469 silly gunzTarPerm extractEntry spec/decode/ipv4_addr.spec.js
470 silly gunzTarPerm extractEntry spec/decode/ipv6headers/header_extension.spec.js
471 silly gunzTarPerm extractEntry spec/decode/ipv6headers/no_next.spec.js
472 silly gunzTarPerm extractEntry spec/decode/ieee802.11/radio_beacon_frame.spec.js
473 silly gunzTarPerm extractEntry spec/decode/ieee802.11/radio_management_frame_tag.spec.js
474 silly gunzTarPerm extractEntry spec/decode/ieee802.11/radio_packet.spec.js
475 silly gunzTarPerm extractEntry spec/decode/ieee802.11/radio_probe_frame.spec.js
476 silly gunzTarPerm extractEntry spec/decode/ieee802.11/radio_utils.spec.js
477 silly gunzTarPerm extractEntry .travis.yml
478 silly gunzTarPerm extractEntry examples/network_grep.js
479 silly gunzTarPerm extractEntry examples/multiple_interfaces
480 silly gunzTarPerm extractEntry examples/speed_server
481 silly gunzTarPerm extractEntry examples/tcp_metrics
482 silly gunzTarPerm extractEntry underscore.js
483 silly gunzTarPerm modified mode [ 'underscore.js', 420, 438 ]
484 silly gunzTarPerm extractEntry underscore-min.js
485 silly gunzTarPerm modified mode [ 'underscore-min.js', 420, 438 ]
486 silly gunzTarPerm extractEntry underscore-min.map
487 silly gunzTarPerm modified mode [ 'underscore-min.map', 420, 438 ]
488 silly gunzTarPerm extractEntry doc/asyncworker.md
489 silly gunzTarPerm modified mode [ 'doc/asyncworker.md', 436, 438 ]
490 silly gunzTarPerm extractEntry helpers.js
491 silly gunzTarPerm modified mode [ 'helpers.js', 436, 438 ]
492 silly gunzTarPerm extractEntry index.js
493 silly gunzTarPerm modified mode [ 'index.js', 436, 438 ]
494 silly gunzTarPerm extractEntry socket_watcher.hpp
495 silly gunzTarPerm modified mode [ 'socket_watcher.hpp', 420, 438 ]
496 silly gunzTarPerm extractEntry .travis.yml
497 silly gunzTarPerm modified mode [ '.travis.yml', 420, 438 ]
498 silly gunzTarPerm extractEntry doc/callback.md
499 silly gunzTarPerm modified mode [ 'doc/callback.md', 436, 438 ]
500 silly gunzTarPerm extractEntry doc/converters.md
501 silly gunzTarPerm modified mode [ 'doc/converters.md', 436, 438 ]
502 silly gunzTarPerm extractEntry stor.js
503 silly gunzTarPerm modified mode [ 'stor.js', 436, 438 ]
504 silly gunzTarPerm extractEntry socket_watcher.cpp
505 silly gunzTarPerm modified mode [ 'socket_watcher.cpp', 420, 438 ]
506 silly gunzTarPerm extractEntry wscript
507 silly gunzTarPerm modified mode [ 'wscript', 420, 438 ]
508 silly gunzTarPerm extractEntry doc/errors.md
509 silly gunzTarPerm modified mode [ 'doc/errors.md', 436, 438 ]
510 silly gunzTarPerm extractEntry doc/json.md
511 silly gunzTarPerm modified mode [ 'doc/json.md', 436, 438 ]
512 silly gunzTarPerm extractEntry doc/maybe_types.md
513 silly gunzTarPerm modified mode [ 'doc/maybe_types.md', 436, 438 ]
514 silly gunzTarPerm extractEntry doc/methods.md
515 silly gunzTarPerm modified mode [ 'doc/methods.md', 436, 438 ]
516 silly gunzTarPerm extractEntry doc/buffers.md
517 silly gunzTarPerm modified mode [ 'doc/buffers.md', 436, 438 ]
518 silly gunzTarPerm extractEntry doc/node_misc.md
519 silly gunzTarPerm modified mode [ 'doc/node_misc.md', 436, 438 ]
520 silly gunzTarPerm extractEntry doc/object_wrappers.md
521 silly gunzTarPerm modified mode [ 'doc/object_wrappers.md', 436, 438 ]
522 silly gunzTarPerm extractEntry doc/persistent.md
523 silly gunzTarPerm modified mode [ 'doc/persistent.md', 436, 438 ]
524 silly gunzTarPerm extractEntry .travis.yml
525 silly gunzTarPerm modified mode [ '.travis.yml', 420, 438 ]
526 silly gunzTarPerm extractEntry appveyor.yml
527 silly gunzTarPerm modified mode [ 'appveyor.yml', 436, 438 ]
528 silly gunzTarPerm extractEntry doc/scopes.md
529 silly gunzTarPerm modified mode [ 'doc/scopes.md', 436, 438 ]
530 silly gunzTarPerm extractEntry doc/script.md
531 silly gunzTarPerm modified mode [ 'doc/script.md', 436, 438 ]
532 silly gunzTarPerm extractEntry bin/findbutton
533 silly gunzTarPerm modified mode [ 'bin/findbutton', 509, 511 ]
534 silly gunzTarPerm extractEntry static/dash-button-logo-blank.jpg
535 silly gunzTarPerm modified mode [ 'static/dash-button-logo-blank.jpg', 420, 438 ]
536 silly gunzTarPerm extractEntry static/node_button_logo.png
537 silly gunzTarPerm modified mode [ 'static/node_button_logo.png', 420, 438 ]
538 silly gunzTarPerm extractEntry doc/string_bytes.md
539 silly gunzTarPerm modified mode [ 'doc/string_bytes.md', 436, 438 ]
540 silly gunzTarPerm extractEntry doc/v8_internals.md
541 silly gunzTarPerm modified mode [ 'doc/v8_internals.md', 436, 438 ]
542 silly gunzTarPerm extractEntry test/test-live.js
543 silly gunzTarPerm modified mode [ 'test/test-live.js', 436, 438 ]
544 silly gentlyRm C:\Users\nfang\repos\iot\dashbutton\server\node_modules\.staging\underscore-e615d260\node_modules is being purged
545 verbose gentlyRm don't care about contents; nuking C:\Users\nfang\repos\iot\dashbutton\server\node_modules\.staging\underscore-e615d260\node_modules
546 silly gunzTarPerm extractEntry test/test.js
547 silly gunzTarPerm modified mode [ 'test/test.js', 436, 438 ]
548 silly gunzTarPerm extractEntry test/lib/packets.js
549 silly gunzTarPerm modified mode [ 'test/lib/packets.js', 436, 438 ]
550 silly gunzTarPerm extractEntry test/lib/pcap.js
551 silly gunzTarPerm modified mode [ 'test/lib/pcap.js', 436, 438 ]
552 silly gunzTarPerm extractEntry doc/v8_misc.md
553 silly gunzTarPerm modified mode [ 'doc/v8_misc.md', 436, 438 ]
554 silly gunzTarPerm extractEntry nan.h
555 silly gunzTarPerm modified mode [ 'nan.h', 436, 438 ]
556 silly gunzTarPerm extractEntry test/lib/hex.json
557 silly gunzTarPerm modified mode [ 'test/lib/hex.json', 436, 438 ]
558 silly gentlyRm C:\Users\nfang\repos\iot\dashbutton\server\node_modules\.staging\socketwatcher-05fb3d76\node_modules is being purged
559 verbose gentlyRm don't care about contents; nuking C:\Users\nfang\repos\iot\dashbutton\server\node_modules\.staging\socketwatcher-05fb3d76\node_modules
560 silly gunzTarPerm extractEntry nan_callbacks.h
561 silly gunzTarPerm modified mode [ 'nan_callbacks.h', 436, 438 ]
562 silly gunzTarPerm extractEntry nan_callbacks_12_inl.h
563 silly gunzTarPerm modified mode [ 'nan_callbacks_12_inl.h', 436, 438 ]
564 silly gunzTarPerm extractEntry nan_callbacks_pre_12_inl.h
565 silly gunzTarPerm modified mode [ 'nan_callbacks_pre_12_inl.h', 436, 438 ]
566 silly gunzTarPerm extractEntry nan_converters.h
567 silly gunzTarPerm modified mode [ 'nan_converters.h', 436, 438 ]
568 silly gunzTarPerm extractEntry nan_converters_pre_43_inl.h
569 silly gunzTarPerm modified mode [ 'nan_converters_pre_43_inl.h', 436, 438 ]
570 silly gunzTarPerm extractEntry nan_implementation_12_inl.h
571 silly gunzTarPerm modified mode [ 'nan_implementation_12_inl.h', 436, 438 ]
572 silly gunzTarPerm extractEntry nan_implementation_pre_12_inl.h
573 silly gunzTarPerm modified mode [ 'nan_implementation_pre_12_inl.h', 436, 438 ]
574 silly gunzTarPerm extractEntry nan_json.h
575 silly gunzTarPerm modified mode [ 'nan_json.h', 436, 438 ]
576 silly gunzTarPerm extractEntry nan_maybe_43_inl.h
577 silly gunzTarPerm modified mode [ 'nan_maybe_43_inl.h', 436, 438 ]
578 silly gunzTarPerm extractEntry nan_maybe_pre_43_inl.h
579 silly gunzTarPerm modified mode [ 'nan_maybe_pre_43_inl.h', 436, 438 ]
580 silly gunzTarPerm extractEntry nan_new.h
581 silly gunzTarPerm modified mode [ 'nan_new.h', 436, 438 ]
582 silly gunzTarPerm extractEntry nan_object_wrap.h
583 silly gunzTarPerm modified mode [ 'nan_object_wrap.h', 436, 438 ]
584 silly gunzTarPerm extractEntry nan_persistent_12_inl.h
585 silly gunzTarPerm modified mode [ 'nan_persistent_12_inl.h', 436, 438 ]
586 silly gunzTarPerm extractEntry nan_persistent_pre_12_inl.h
587 silly gunzTarPerm modified mode [ 'nan_persistent_pre_12_inl.h', 436, 438 ]
588 silly gunzTarPerm extractEntry nan_private.h
589 silly gunzTarPerm modified mode [ 'nan_private.h', 436, 438 ]
590 silly gunzTarPerm extractEntry nan_string_bytes.h
591 silly gunzTarPerm modified mode [ 'nan_string_bytes.h', 436, 438 ]
592 silly gunzTarPerm extractEntry nan_typedarray_contents.h
593 silly gunzTarPerm modified mode [ 'nan_typedarray_contents.h', 436, 438 ]
594 silly gunzTarPerm extractEntry nan_weak.h
595 silly gunzTarPerm modified mode [ 'nan_weak.h', 436, 438 ]
596 silly gunzTarPerm extractEntry CHANGELOG.md
597 silly gunzTarPerm modified mode [ 'CHANGELOG.md', 436, 438 ]
598 silly gunzTarPerm extractEntry tools/package.json
599 silly gunzTarPerm modified mode [ 'tools/package.json', 436, 438 ]
600 silly gunzTarPerm extractEntry tools/README.md
601 silly gunzTarPerm modified mode [ 'tools/README.md', 436, 438 ]
602 silly gunzTarPerm extractEntry tools/1to2.js
603 silly gunzTarPerm modified mode [ 'tools/1to2.js', 509, 511 ]
604 silly gentlyRm C:\Users\nfang\repos\iot\dashbutton\server\node_modules\.staging\node-dash-button-ef048de1\node_modules is being purged
605 verbose gentlyRm don't care about contents; nuking C:\Users\nfang\repos\iot\dashbutton\server\node_modules\.staging\node-dash-button-ef048de1\node_modules
606 silly gentlyRm C:\Users\nfang\repos\iot\dashbutton\server\node_modules\.staging\nan-5d336779\node_modules is being purged
607 verbose gentlyRm don't care about contents; nuking C:\Users\nfang\repos\iot\dashbutton\server\node_modules\.staging\nan-5d336779\node_modules
608 silly gentlyRm C:\Users\nfang\repos\iot\dashbutton\server\node_modules\.staging\pcap-59e749ce\node_modules is being purged
609 verbose gentlyRm don't care about contents; nuking C:\Users\nfang\repos\iot\dashbutton\server\node_modules\.staging\pcap-59e749ce\node_modules
610 silly doParallel preinstall 5
611 silly preinstall nan@2.6.2 C:\Users\nfang\repos\iot\dashbutton\server\node_modules\.staging\nan-5d336779
612 info lifecycle nan@2.6.2~preinstall: nan@2.6.2
613 silly preinstall socketwatcher@0.3.0 C:\Users\nfang\repos\iot\dashbutton\server\node_modules\.staging\socketwatcher-05fb3d76
614 info lifecycle socketwatcher@0.3.0~preinstall: socketwatcher@0.3.0
615 silly preinstall pcap@2.0.0 C:\Users\nfang\repos\iot\dashbutton\server\node_modules\.staging\pcap-59e749ce
616 info lifecycle pcap@2.0.0~preinstall: pcap@2.0.0
617 silly preinstall underscore@1.8.3 C:\Users\nfang\repos\iot\dashbutton\server\node_modules\.staging\underscore-e615d260
618 info lifecycle underscore@1.8.3~preinstall: underscore@1.8.3
619 silly preinstall node-dash-button@0.6.1 C:\Users\nfang\repos\iot\dashbutton\server\node_modules\.staging\node-dash-button-ef048de1
620 info lifecycle node-dash-button@0.6.1~preinstall: node-dash-button@0.6.1
621 silly lifecycle nan@2.6.2~preinstall: no script for preinstall, continuing
622 silly lifecycle socketwatcher@0.3.0~preinstall: no script for preinstall, continuing
623 silly lifecycle pcap@2.0.0~preinstall: no script for preinstall, continuing
624 silly lifecycle underscore@1.8.3~preinstall: no script for preinstall, continuing
625 silly lifecycle node-dash-button@0.6.1~preinstall: no script for preinstall, continuing
626 silly doReverseSerial remove 0
627 silly doSerial move 0
628 silly doSerial finalize 5
629 silly finalize C:\Users\nfang\repos\iot\dashbutton\server\node_modules\nan
630 silly finalize C:\Users\nfang\repos\iot\dashbutton\server\node_modules\socketwatcher
631 silly finalize C:\Users\nfang\repos\iot\dashbutton\server\node_modules\pcap
632 silly finalize C:\Users\nfang\repos\iot\dashbutton\server\node_modules\underscore
633 silly finalize C:\Users\nfang\repos\iot\dashbutton\server\node_modules\node-dash-button
634 silly doSerial build 5
635 silly build nan@2.6.2
636 info linkStuff nan@2.6.2
637 silly linkStuff nan@2.6.2 has C:\Users\nfang\repos\iot\dashbutton\server\node_modules as its parent node_modules
638 verbose linkBins nan@2.6.2
639 verbose linkMans nan@2.6.2
640 silly build socketwatcher@0.3.0
641 info linkStuff socketwatcher@0.3.0
642 silly linkStuff socketwatcher@0.3.0 has C:\Users\nfang\repos\iot\dashbutton\server\node_modules as its parent node_modules
643 verbose linkBins socketwatcher@0.3.0
644 verbose linkMans socketwatcher@0.3.0
645 silly build pcap@2.0.0
646 info linkStuff pcap@2.0.0
647 silly linkStuff pcap@2.0.0 has C:\Users\nfang\repos\iot\dashbutton\server\node_modules as its parent node_modules
648 verbose linkBins pcap@2.0.0
649 verbose linkMans pcap@2.0.0
650 silly build underscore@1.8.3
651 info linkStuff underscore@1.8.3
652 silly linkStuff underscore@1.8.3 has C:\Users\nfang\repos\iot\dashbutton\server\node_modules as its parent node_modules
653 verbose linkBins underscore@1.8.3
654 verbose linkMans underscore@1.8.3
655 silly build node-dash-button@0.6.1
656 info linkStuff node-dash-button@0.6.1
657 silly linkStuff node-dash-button@0.6.1 has C:\Users\nfang\repos\iot\dashbutton\server\node_modules as its parent node_modules
658 verbose linkBins node-dash-button@0.6.1
659 verbose link bins [ { findbutton: './bin/findbutton' },
659 verbose link bins   'C:\\Users\\nfang\\repos\\iot\\dashbutton\\server\\node_modules\\.bin',
659 verbose link bins   false ]
660 verbose linkMans node-dash-button@0.6.1
661 silly doSerial global-link 0
662 silly doParallel update-linked 0
663 silly doSerial install 5
664 silly install nan@2.6.2 C:\Users\nfang\repos\iot\dashbutton\server\node_modules\.staging\nan-5d336779
665 info lifecycle nan@2.6.2~install: nan@2.6.2
666 silly lifecycle nan@2.6.2~install: no script for install, continuing
667 silly install socketwatcher@0.3.0 C:\Users\nfang\repos\iot\dashbutton\server\node_modules\.staging\socketwatcher-05fb3d76
668 info lifecycle socketwatcher@0.3.0~install: socketwatcher@0.3.0
669 verbose lifecycle socketwatcher@0.3.0~install: unsafe-perm in lifecycle true
670 verbose lifecycle socketwatcher@0.3.0~install: PATH: C:\Users\nfang\AppData\Roaming\npm\node_modules\npm\bin\node-gyp-bin;C:\Users\nfang\repos\iot\dashbutton\server\node_modules\socketwatcher\node_modules\.bin;C:\Users\nfang\repos\iot\dashbutton\server\node_modules\.bin;C:\Program Files\nodejs;C:\Program Files\Python35\Scripts\;C:\Program Files\Python35\;C:\ProgramData\Oracle\Java\javapath;C:\Program Files (x86)\Intel\iCLS Client\;C:\Program Files\Intel\iCLS Client\;C:\Windows\system32;C:\Windows;C:\Windows\System32\Wbem;C:\Windows\System32\WindowsPowerShell\v1.0\;C:\Program Files (x86)\Intel\Intel(R) Management Engine Components\DAL;C:\Program Files\Intel\Intel(R) Management Engine Components\DAL;C:\Program Files (x86)\Intel\Intel(R) Management Engine Components\IPT;C:\Program Files\Intel\Intel(R) Management Engine Components\IPT;C:\Program Files (x86)\NVIDIA Corporation\PhysX\Common;C:\Program Files\Git\cmd;C:\Program Files\nodejs\;C:\WINDOWS\system32;C:\WINDOWS;C:\WINDOWS\System32\Wbem;C:\WINDOWS\System32\WindowsPowerShell\v1.0\;C:\Program Files\Anaconda3;C:\Program Files\Anaconda3\Scripts;C:\Program Files\Anaconda3\Library\bin;C:\Program Files\Anaconda3\Library\usr\bin;C:\Program Files\Anaconda3\Library\mingw-w64\bin;C:\Program Files\Amazon\AWSCLI\;C:\Program Files\Sublime Text 3;C:\Program Files\Intel\WiFi\bin\;C:\Program Files\Common Files\Intel\WirelessCommon\;C:\Users\nfang\AppData\Roaming\npm;%USERPROFILE%\AppData\Local\Microsoft\WindowsApps;
671 verbose lifecycle socketwatcher@0.3.0~install: CWD: C:\Users\nfang\repos\iot\dashbutton\server\node_modules\socketwatcher
672 silly lifecycle socketwatcher@0.3.0~install: Args: [ '/d /s /c', 'node-gyp rebuild' ]
673 silly lifecycle socketwatcher@0.3.0~install: Returned: code: 1  signal: null
674 info lifecycle socketwatcher@0.3.0~install: Failed to exec install script
675 verbose unlock done using C:\Users\nfang\AppData\Roaming\npm-cache\_locks\staging-a9e3415d4e472eb8.lock for C:\Users\nfang\repos\iot\dashbutton\server\node_modules\.staging
676 silly rollbackFailedOptional Starting
677 silly rollbackFailedOptional Finishing
678 silly runTopLevelLifecycles Starting
679 silly runTopLevelLifecycles Finishing
680 silly install printInstalled
681 warn dashserver@1.0.0 No description
682 warn dashserver@1.0.0 No repository field.
683 verbose stack Error: socketwatcher@0.3.0 install: `node-gyp rebuild`
683 verbose stack Exit status 1
683 verbose stack     at EventEmitter.<anonymous> (C:\Users\nfang\AppData\Roaming\npm\node_modules\npm\lib\utils\lifecycle.js:242:16)
683 verbose stack     at emitTwo (events.js:87:13)
683 verbose stack     at EventEmitter.emit (events.js:172:7)
683 verbose stack     at ChildProcess.<anonymous> (C:\Users\nfang\AppData\Roaming\npm\node_modules\npm\lib\utils\spawn.js:40:14)
683 verbose stack     at emitTwo (events.js:87:13)
683 verbose stack     at ChildProcess.emit (events.js:172:7)
683 verbose stack     at maybeClose (internal/child_process.js:827:16)
683 verbose stack     at Process.ChildProcess._handle.onexit (internal/child_process.js:211:5)
684 verbose pkgid socketwatcher@0.3.0
685 verbose cwd C:\Users\nfang\repos\iot\dashbutton\server
686 error Windows_NT 10.0.14393
687 error argv "C:\\Program Files\\nodejs\\node.exe" "C:\\Users\\nfang\\AppData\\Roaming\\npm\\node_modules\\npm\\bin\\npm-cli.js" "install" "node-dash-button" "--save"
688 error node v4.4.7
689 error npm  v3.10.5
690 error code ELIFECYCLE
691 error socketwatcher@0.3.0 install: `node-gyp rebuild`
691 error Exit status 1
692 error Failed at the socketwatcher@0.3.0 install script 'node-gyp rebuild'.
692 error Make sure you have the latest version of node.js and npm installed.
692 error If you do, this is most likely a problem with the socketwatcher package,
692 error not with npm itself.
692 error Tell the author that this fails on your system:
692 error     node-gyp rebuild
692 error You can get information on how to open an issue for this project with:
692 error     npm bugs socketwatcher
692 error Or if that isn't available, you can get their info via:
692 error     npm owner ls socketwatcher
692 error There is likely additional logging output above.
693 verbose exit [ 1, true ]
